[01m[K/home/alonso/Development/School/ros_dev/src/ros2_fundamentals_examples/src/cpp_minimal_publisher.cpp:36:2:[m[K [01;31m[Kerror: [m[Kâ€˜[01m[Kcpp[m[Kâ€™ does not name a type
   36 | }[01;31m[Kcpp[m[K/rclcpp.hpp
      |  [01;31m[K^~~[m[K
gmake[2]: *** [CMakeFiles/minimal_cpp_publisher.dir/build.make:76: CMakeFiles/minimal_cpp_publisher.dir/src/cpp_minimal_publisher.cpp.o] Error 1
gmake[1]: *** [CMakeFiles/Makefile2:142: CMakeFiles/minimal_cpp_publisher.dir/all] Error 2
gmake[1]: *** Waiting for unfinished jobs....
gmake: *** [Makefile:146: all] Error 2
