[0.010s] Invoking command in '/home/alonso/Development/School/ros_dev/build/ros2_fundamentals_examples': CMAKE_PREFIX_PATH=${CMAKE_PREFIX_PATH}:/opt/ros/jazzy DEBUGINFOD_URLS=https://debuginfod.ubuntu.com /usr/bin/cmake --build /home/alonso/Development/School/ros_dev/build/ros2_fundamentals_examples -- -j16 -l16
[0.065s] -- Found ament_cmake: 2.5.4 (/opt/ros/jazzy/share/ament_cmake/cmake)
[0.241s] -- Found rclcpp: 28.1.12 (/opt/ros/jazzy/share/rclcpp/cmake)
[0.268s] -- Found rosidl_generator_c: 4.6.6 (/opt/ros/jazzy/share/rosidl_generator_c/cmake)
[0.274s] -- Found rosidl_generator_cpp: 4.6.6 (/opt/ros/jazzy/share/rosidl_generator_cpp/cmake)
[0.282s] -- Using all available rosidl_typesupport_c: rosidl_typesupport_fastrtps_c;rosidl_typesupport_introspection_c
[0.291s] -- Using all available rosidl_typesupport_cpp: rosidl_typesupport_fastrtps_cpp;rosidl_typesupport_introspection_cpp
[0.332s] -- Found rmw_implementation_cmake: 7.3.2 (/opt/ros/jazzy/share/rmw_implementation_cmake/cmake)
[0.333s] -- Found rmw_fastrtps_cpp: 8.4.3 (/opt/ros/jazzy/share/rmw_fastrtps_cpp/cmake)
[0.385s] -- Using RMW implementation 'rmw_fastrtps_cpp' as default
[0.429s] -- Found rclpy: 7.1.5 (/opt/ros/jazzy/share/rclpy/cmake)
[0.430s] -- Found std_msgs: 5.3.6 (/opt/ros/jazzy/share/std_msgs/cmake)
[0.508s] -- Found ament_lint_auto: 0.17.3 (/opt/ros/jazzy/share/ament_lint_auto/cmake)
[0.574s] -- Added test 'cppcheck' to perform static code analysis on C / C++ code
[0.574s] -- Configured cppcheck include dirs: /home/alonso/Development/School/ros_dev/src/ros2_fundamentals_examples/include
[0.574s] -- Configured cppcheck exclude dirs and/or files: 
[0.575s] -- Added test 'flake8' to check Python code syntax and style conventions
[0.575s] -- Configured 'flake8' exclude dirs and/or files: 
[0.575s] -- Added test 'lint_cmake' to check CMake code style
[0.575s] -- Added test 'pep257' to check Python code against some of the docstring style conventions in PEP 257
[0.576s] -- Added test 'uncrustify' to check C / C++ code style
[0.576s] -- Configured uncrustify additional arguments: 
[0.577s] -- Added test 'xmllint' to check XML markup files
[0.578s] -- Configuring done (0.5s)
[0.593s] -- Generating done (0.0s)
[0.597s] -- Build files have been written to: /home/alonso/Development/School/ros_dev/build/ros2_fundamentals_examples
[0.627s] [ 25%] [32mBuilding CXX object CMakeFiles/minimal_cpp_publisher.dir/src/cpp_minimal_publisher.cpp.o[0m
[0.627s] [ 50%] [32mBuilding CXX object CMakeFiles/minimal_cpp_subscriber.dir/src/cpp_minimal_subscriber.cpp.o[0m
[0.633s] [ 50%] Built target ament_cmake_python_copy_ros2_fundamentals_examples
[0.776s] running egg_info
[0.784s] writing ros2_fundamentals_examples.egg-info/PKG-INFO
[0.785s] writing dependency_links to ros2_fundamentals_examples.egg-info/dependency_links.txt
[0.785s] writing top-level names to ros2_fundamentals_examples.egg-info/top_level.txt
[0.802s] reading manifest file 'ros2_fundamentals_examples.egg-info/SOURCES.txt'
[0.802s] writing manifest file 'ros2_fundamentals_examples.egg-info/SOURCES.txt'
[0.824s] [ 50%] Built target ament_cmake_python_build_ros2_fundamentals_examples_egg
[2.116s] [01m[K/home/alonso/Development/School/ros_dev/src/ros2_fundamentals_examples/src/cpp_minimal_publisher.cpp:36:2:[m[K [01;31m[Kerror: [m[Kâ€˜[01m[Kcpp[m[Kâ€™ does not name a type
[2.116s]    36 | }[01;31m[Kcpp[m[K/rclcpp.hpp
[2.116s]       |  [01;31m[K^~~[m[K
[2.758s] gmake[2]: *** [CMakeFiles/minimal_cpp_publisher.dir/build.make:76: CMakeFiles/minimal_cpp_publisher.dir/src/cpp_minimal_publisher.cpp.o] Error 1
[2.758s] gmake[1]: *** [CMakeFiles/Makefile2:142: CMakeFiles/minimal_cpp_publisher.dir/all] Error 2
[2.758s] gmake[1]: *** Waiting for unfinished jobs....
[5.347s] [ 75%] [32m[1mLinking CXX executable minimal_cpp_subscriber[0m
[5.531s] [ 75%] Built target minimal_cpp_subscriber
[5.532s] gmake: *** [Makefile:146: all] Error 2
[5.533s] Invoked command in '/home/alonso/Development/School/ros_dev/build/ros2_fundamentals_examples' returned '2': CMAKE_PREFIX_PATH=${CMAKE_PREFIX_PATH}:/opt/ros/jazzy DEBUGINFOD_URLS=https://debuginfod.ubuntu.com /usr/bin/cmake --build /home/alonso/Development/School/ros_dev/build/ros2_fundamentals_examples -- -j16 -l16
