[0.000000] (-) TimerEvent: {}
[0.000221] (ros2_fundamentals_examples) JobQueued: {'identifier': 'ros2_fundamentals_examples', 'dependencies': OrderedDict()}
[0.000528] (ros2_fundamentals_examples) JobStarted: {'identifier': 'ros2_fundamentals_examples'}
[0.008098] (ros2_fundamentals_examples) JobProgress: {'identifier': 'ros2_fundamentals_examples', 'progress': 'cmake'}
[0.009141] (ros2_fundamentals_examples) JobProgress: {'identifier': 'ros2_fundamentals_examples', 'progress': 'build'}
[0.009688] (ros2_fundamentals_examples) Command: {'cmd': ['/usr/bin/cmake', '--build', '/home/alonso/Development/School/ros_dev/build/ros2_fundamentals_examples', '--', '-j16', '-l16'], 'cwd': '/home/alonso/Development/School/ros_dev/build/ros2_fundamentals_examples', 'env': OrderedDict({'ZELLIJ_SESSION_NAME': 'rectangular-tomato', 'GJS_DEBUG_TOPICS': 'JS ERROR;JS LOG', '__MISE_ORIG_PATH': './bin:/home/alonso/.local/bin:/home/alonso/.local/share/omakub/bin:/opt/ros/jazzy/opt/gz_msgs_vendor/bin:/opt/ros/jazzy/opt/gz_tools_vendor/bin:/opt/ros/jazzy/opt/gz_ogre_next_vendor/bin:/opt/ros/jazzy/bin:/usr/bin:/usr/local/bin:/usr/bin:/usr/local/bin:/sbin:/bin:/usr/games:/usr/local/games:/snap/bin:/snap/bin:/home/alonso/.vscode/extensions/ms-python.debugpy-2025.10.0-linux-x64/bundled/scripts/noConfigScripts:/home/alonso/.config/Code/User/globalStorage/github.copilot-chat/debugCommand', 'PYTHON_BASIC_REPL': '1', 'OMAKUB_PATH': '/home/alonso/.local/share/omakub', 'GZ_SIM_RESOURCE_PATH': '/opt/ros/jazzy/share', 'USER': 'alonso', 'GZ_CONFIG_PATH': '/opt/ros/jazzy/opt/gz_sim_vendor/share/gz:/opt/ros/jazzy/opt/sdformat_vendor/share/gz:/opt/ros/jazzy/opt/gz_gui_vendor/share/gz:/opt/ros/jazzy/opt/gz_transport_vendor/share/gz:/opt/ros/jazzy/opt/gz_rendering_vendor/share/gz:/opt/ros/jazzy/opt/gz_plugin_vendor/share/gz:/opt/ros/jazzy/opt/gz_fuel_tools_vendor/share/gz:/opt/ros/jazzy/opt/gz_msgs_vendor/share/gz:/opt/ros/jazzy/opt/gz_common_vendor/share/gz', '__MISE_SESSION': 'eAFqX5OTn5iSmhJfkp+fUzxhHZSXnJ+XlplePOmmoX5Gfm6qfmJOfl5xvr5LallqTn5BbmpeiX5wckZ+fo5+UX5xfEpqmX5uZnGqXkl+bs5NVRQtehCjwPL6EDZY2RoIO74gsSSjeMLi1Lyy5qXu/k6efjdNUfXn5Ccn5ugDVpyRWJQKMSQzr7gkMSenWD89X99Qz8hUz0A/KTNvmbt/kL9/CJqD9YjQvdLLMcwx3sPf1/WmMbFWZyWWJeqDrNYzWJySWXRTHUUj7mBak5pXFl+WWBSfkVicsSHJ2NIwNc3UIMncMNnQ1MJsbU5iSWpxSXxpQUpiSeoRAQY4YJyZmWg0FwALHJ7N', 'XDG_SESSION_TYPE': 'wayland', 'GIT_ASKPASS': '/usr/share/code/resources/app/extensions/git/dist/askpass.sh', 'CLUTTER_DISABLE_MIPMAPPED_TEXT': '1', 'SHLVL': '2', 'LD_LIBRARY_PATH': '/opt/ros/jazzy/opt/gz_sim_vendor/lib:/opt/ros/jazzy/opt/gz_sensors_vendor/lib:/opt/ros/jazzy/opt/gz_physics_vendor/lib:/opt/ros/jazzy/opt/sdformat_vendor/lib:/opt/ros/jazzy/opt/gz_gui_vendor/lib:/opt/ros/jazzy/opt/gz_transport_vendor/lib:/opt/ros/jazzy/opt/gz_rendering_vendor/lib:/opt/ros/jazzy/opt/gz_plugin_vendor/lib:/opt/ros/jazzy/opt/gz_fuel_tools_vendor/lib:/opt/ros/jazzy/opt/gz_msgs_vendor/lib:/opt/ros/jazzy/opt/gz_common_vendor/lib:/opt/ros/jazzy/opt/gz_tools_vendor/lib:/opt/ros/jazzy/opt/gz_ogre_next_vendor/lib:/opt/ros/jazzy/opt/gz_dartsim_vendor/lib:/opt/ros/jazzy/opt/rviz_ogre_vendor/lib:/opt/ros/jazzy/lib/x86_64-linux-gnu:/opt/ros/jazzy/opt/gz_math_vendor/lib:/opt/ros/jazzy/opt/gz_utils_vendor/lib:/opt/ros/jazzy/opt/gz_cmake_vendor/lib:/opt/ros/jazzy/lib', 'HOME': '/home/alonso', 'CHROME_DESKTOP': 'code.desktop', 'OLDPWD': '/home/alonso/Development/School/ros_dev/src/ros2_fundamentals_examples', 'TERM_PROGRAM_VERSION': '1.104.1', 'DESKTOP_SESSION': 'ubuntu', 'GIO_LAUNCHED_DESKTOP_FILE': '/usr/share/applications/Alacritty.desktop', 'ROS_PYTHON_VERSION': '3', 'GNOME_SHELL_SESSION_MODE': 'ubuntu', 'GTK_MODULES': 'gail:atk-bridge', '__MISE_DIFF': 'eAFqXpyfk9KwOC+1vHmpu7+Tp99NU/2M/NxU/cSc/LzifH29nPzkxBz94ozEolT93MziVP3MvOKSxJycYv30fH1DPSNTPQP9pMy8Ze7+Qf7+ITcNSda90ssxzDHew9/X9aYxsZoBy0osS9QHWa1nsKQgsSRjyk0rYrUWVJZk5OfpG+sZGukZGoKcTqaPb5oTayWSa8H2WRCrMS8/JVXfyEjP0BISyAC9H5p1', 'SUDO_EDITOR': 'nvim', 'VSCODE_GIT_ASKPASS_MAIN': '/usr/share/code/resources/app/extensions/git/dist/askpass-main.js', 'VSCODE_GIT_ASKPASS_NODE': '/usr/share/code/code', 'MANAGERPID': '3153', 'PYDEVD_DISABLE_FILE_VALIDATION': '1', 'SYSTEMD_EXEC_PID': '3659', 'BUNDLED_DEBUGPY_PATH': '/home/alonso/.vscode/extensions/ms-python.debugpy-2025.10.0-linux-x64/bundled/libs/debugpy', 'GOROOT': '/home/alonso/.local/share/mise/installs/go/1.25.0', 'VSCODE_PYTHON_AUTOACTIVATE_GUARD': '1', 'GSM_SKIP_SSH_AGENT_WORKAROUND': 'true', 'DBUS_SESSION_BUS_ADDRESS': 'unix:path=/run/user/1000/bus', 'COLORTERM': 'truecolor', 'GIO_LAUNCHED_DESKTOP_FILE_PID': '33804', 'DEBUGINFOD_URLS': 'https://debuginfod.ubuntu.com', 'IM_CONFIG_PHASE': '1', 'WAYLAND_DISPLAY': 'wayland-0', 'COLCON_PREFIX_PATH': '/home/alonso/Development/School/ros_dev/install', 'ROS_DISTRO': 'jazzy', 'LOGNAME': 'alonso', 'ALACRITTY_SOCKET': '/run/user/1000/Alacritty-wayland-0-33804.sock', 'WINDOWID': '106724602304352', 'JOURNAL_STREAM': '9:27819', 'MISE_SHELL': 'bash', '_': '/usr/bin/colcon', 'ROS_VERSION': '2', 'MEMORY_PRESSURE_WATCH': '/sys/fs/cgroup/user.slice/user-1000.slice/user@1000.service/session.slice/org.gnome.Shell@wayland.service/memory.pressure', 'XDG_SESSION_CLASS': 'user', 'USERNAME': 'alonso', 'TERM': 'xterm-256color', 'ALACRITTY_LOG': '/tmp/Alacritty-33804.log', 'GNOME_DESKTOP_SESSION_ID': 'this-is-deprecated', 'PATH': '/home/alonso/.local/share/mise/installs/python/3.12.11/bin:/home/alonso/.local/share/mise/installs/go/1.25.0/bin:/home/alonso/.local/share/mise/installs/java/25.0.0/bin:/home/alonso/.local/share/mise/installs/node/22.19.0/bin:/opt/ros/jazzy/opt/gz_msgs_vendor/bin:/opt/ros/jazzy/opt/gz_tools_vendor/bin:/opt/ros/jazzy/opt/gz_ogre_next_vendor/bin:/opt/ros/jazzy/bin:/usr/bin:/usr/local/bin:/usr/bin:/usr/local/bin:/usr/local/bin:/usr/bin:/usr/local/bin:/sbin:/bin:/usr/games:/usr/local/games:/snap/bin:/snap/bin:/home/alonso/.vscode/extensions/ms-python.debugpy-2025.10.0-linux-x64/bundled/scripts/noConfigScripts:/home/alonso/.config/Code/User/globalStorage/github.copilot-chat/debugCommand', 'SESSION_MANAGER': 'local/alonso-Zenbook-UX3404VA-Q410VA:@/tmp/.ICE-unix/3626,unix/alonso-Zenbook-UX3404VA-Q410VA:/tmp/.ICE-unix/3626', 'GOBIN': '/home/alonso/.local/share/mise/installs/go/1.25.0/bin', 'INVOCATION_ID': '4f201dde21ca4808b8507a1acdac542a', 'XDG_MENU_PREFIX': 'gnome-', 'GNOME_SETUP_DISPLAY': ':1', 'XDG_RUNTIME_DIR': '/run/user/1000', 'GDK_BACKEND': 'x11', 'DISPLAY': ':0', 'VSCODE_DEBUGPY_ADAPTER_ENDPOINTS': '/home/alonso/.vscode/extensions/ms-python.debugpy-2025.10.0-linux-x64/.noConfigDebugAdapterEndpoints/endpoint-75e16d94e8963558.txt', 'LANG': 'en_US.UTF-8', 'XDG_CURRENT_DESKTOP': 'Unity', 'PYTHONSTARTUP': '/home/alonso/.config/Code/User/workspaceStorage/6bf5db909ffc2ef4981f0aaf2ddf0b3c/ms-python.python/pythonrc.py', 'XMODIFIERS': '@im=ibus', 'XDG_SESSION_DESKTOP': 'ubuntu', 'ZELLIJ_PANE_ID': '0', 'XAUTHORITY': '/run/user/1000/.mutter-Xwaylandauth.7U5NC3', 'VSCODE_GIT_IPC_HANDLE': '/run/user/1000/vscode-git-ad45ccb6ce.sock', 'TERM_PROGRAM': 'vscode', 'SSH_AUTH_SOCK': '/run/user/1000/keyring/ssh', 'AMENT_PREFIX_PATH': '/home/alonso/Development/School/ros_dev/install/ros2_fundamentals_examples:/opt/ros/jazzy', 'ZELLIJ': '0', 'ORIGINAL_XDG_CURRENT_DESKTOP': 'ubuntu:GNOME', 'SHELL': '/bin/bash', 'QT_ACCESSIBILITY': '1', 'GDMSESSION': 'ubuntu', 'GJS_DEBUG_OUTPUT': 'stderr', 'ROS_AUTOMATIC_DISCOVERY_RANGE': 'SUBNET', 'VSCODE_GIT_ASKPASS_EXTRA_ARGS': '', 'GIT_PAGER': 'cat', 'QT_IM_MODULE': 'ibus', 'ALACRITTY_WINDOW_ID': '106724602304352', 'JAVA_HOME': '/home/alonso/.local/share/mise/installs/java/25.0.0', 'PWD': '/home/alonso/Development/School/ros_dev/build/ros2_fundamentals_examples', 'XDG_CONFIG_DIRS': '/etc/xdg/xdg-ubuntu:/etc/xdg', 'XDG_DATA_DIRS': '/usr/share/ubuntu:/usr/share/gnome:/home/alonso/.local/share/flatpak/exports/share:/var/lib/flatpak/exports/share:/usr/local/share/:/usr/share/:/var/lib/snapd/desktop', 'PYTHONPATH': '/home/alonso/Development/School/ros_dev/install/ros2_fundamentals_examples/lib/python3.13/site-packages:/opt/ros/jazzy/lib/python3.12/site-packages', 'COLCON': '1', 'MEMORY_PRESSURE_WRITE': 'c29tZSAyMDAwMDAgMjAwMDAwMAA=', 'EDITOR': 'nvim', 'CMAKE_PREFIX_PATH': '/home/alonso/Development/School/ros_dev/install/ros2_fundamentals_examples:/opt/ros/jazzy/opt/gz_sim_vendor:/opt/ros/jazzy/opt/gz_sensors_vendor:/opt/ros/jazzy/opt/gz_physics_vendor:/opt/ros/jazzy/opt/sdformat_vendor:/opt/ros/jazzy/opt/gz_gui_vendor:/opt/ros/jazzy/opt/gz_transport_vendor:/opt/ros/jazzy/opt/gz_rendering_vendor:/opt/ros/jazzy/opt/gz_plugin_vendor:/opt/ros/jazzy/opt/gz_fuel_tools_vendor:/opt/ros/jazzy/opt/gz_msgs_vendor:/opt/ros/jazzy/opt/gz_common_vendor:/opt/ros/jazzy/opt/gz_tools_vendor:/opt/ros/jazzy/opt/gz_ogre_next_vendor:/opt/ros/jazzy/opt/gz_dartsim_vendor:/opt/ros/jazzy/opt/gz_math_vendor:/opt/ros/jazzy/opt/gz_utils_vendor:/opt/ros/jazzy/opt/gz_cmake_vendor:/opt/ros/jazzy'}), 'shell': False}
[0.065240] (ros2_fundamentals_examples) StdoutLine: {'line': b'-- Found ament_cmake: 2.5.4 (/opt/ros/jazzy/share/ament_cmake/cmake)\n'}
[0.099966] (-) TimerEvent: {}
[0.200422] (-) TimerEvent: {}
[0.240894] (ros2_fundamentals_examples) StdoutLine: {'line': b'-- Found rclcpp: 28.1.12 (/opt/ros/jazzy/share/rclcpp/cmake)\n'}
[0.268200] (ros2_fundamentals_examples) StdoutLine: {'line': b'-- Found rosidl_generator_c: 4.6.6 (/opt/ros/jazzy/share/rosidl_generator_c/cmake)\n'}
[0.274481] (ros2_fundamentals_examples) StdoutLine: {'line': b'-- Found rosidl_generator_cpp: 4.6.6 (/opt/ros/jazzy/share/rosidl_generator_cpp/cmake)\n'}
[0.282335] (ros2_fundamentals_examples) StdoutLine: {'line': b'-- Using all available rosidl_typesupport_c: rosidl_typesupport_fastrtps_c;rosidl_typesupport_introspection_c\n'}
[0.291280] (ros2_fundamentals_examples) StdoutLine: {'line': b'-- Using all available rosidl_typesupport_cpp: rosidl_typesupport_fastrtps_cpp;rosidl_typesupport_introspection_cpp\n'}
[0.300585] (-) TimerEvent: {}
[0.332775] (ros2_fundamentals_examples) StdoutLine: {'line': b'-- Found rmw_implementation_cmake: 7.3.2 (/opt/ros/jazzy/share/rmw_implementation_cmake/cmake)\n'}
[0.333966] (ros2_fundamentals_examples) StdoutLine: {'line': b'-- Found rmw_fastrtps_cpp: 8.4.3 (/opt/ros/jazzy/share/rmw_fastrtps_cpp/cmake)\n'}
[0.385164] (ros2_fundamentals_examples) StdoutLine: {'line': b"-- Using RMW implementation 'rmw_fastrtps_cpp' as default\n"}
[0.400769] (-) TimerEvent: {}
[0.429856] (ros2_fundamentals_examples) StdoutLine: {'line': b'-- Found rclpy: 7.1.5 (/opt/ros/jazzy/share/rclpy/cmake)\n'}
[0.430095] (ros2_fundamentals_examples) StdoutLine: {'line': b'-- Found std_msgs: 5.3.6 (/opt/ros/jazzy/share/std_msgs/cmake)\n'}
[0.500917] (-) TimerEvent: {}
[0.508442] (ros2_fundamentals_examples) StdoutLine: {'line': b'-- Found ament_lint_auto: 0.17.3 (/opt/ros/jazzy/share/ament_lint_auto/cmake)\n'}
[0.574271] (ros2_fundamentals_examples) StdoutLine: {'line': b"-- Added test 'cppcheck' to perform static code analysis on C / C++ code\n"}
[0.574505] (ros2_fundamentals_examples) StdoutLine: {'line': b'-- Configured cppcheck include dirs: /home/alonso/Development/School/ros_dev/src/ros2_fundamentals_examples/include\n'}
[0.574596] (ros2_fundamentals_examples) StdoutLine: {'line': b'-- Configured cppcheck exclude dirs and/or files: \n'}
[0.575138] (ros2_fundamentals_examples) StdoutLine: {'line': b"-- Added test 'flake8' to check Python code syntax and style conventions\n"}
[0.575268] (ros2_fundamentals_examples) StdoutLine: {'line': b"-- Configured 'flake8' exclude dirs and/or files: \n"}
[0.575600] (ros2_fundamentals_examples) StdoutLine: {'line': b"-- Added test 'lint_cmake' to check CMake code style\n"}
[0.575862] (ros2_fundamentals_examples) StdoutLine: {'line': b"-- Added test 'pep257' to check Python code against some of the docstring style conventions in PEP 257\n"}
[0.576386] (ros2_fundamentals_examples) StdoutLine: {'line': b"-- Added test 'uncrustify' to check C / C++ code style\n"}
[0.576503] (ros2_fundamentals_examples) StdoutLine: {'line': b'-- Configured uncrustify additional arguments: \n'}
[0.577026] (ros2_fundamentals_examples) StdoutLine: {'line': b"-- Added test 'xmllint' to check XML markup files\n"}
[0.578744] (ros2_fundamentals_examples) StdoutLine: {'line': b'-- Configuring done (0.5s)\n'}
[0.593577] (ros2_fundamentals_examples) StdoutLine: {'line': b'-- Generating done (0.0s)\n'}
[0.597166] (ros2_fundamentals_examples) StdoutLine: {'line': b'-- Build files have been written to: /home/alonso/Development/School/ros_dev/build/ros2_fundamentals_examples\n'}
[0.601077] (-) TimerEvent: {}
[0.627438] (ros2_fundamentals_examples) StdoutLine: {'line': b'[ 25%] \x1b[32mBuilding CXX object CMakeFiles/minimal_cpp_publisher.dir/src/cpp_minimal_publisher.cpp.o\x1b[0m\n'}
[0.627719] (ros2_fundamentals_examples) StdoutLine: {'line': b'[ 50%] \x1b[32mBuilding CXX object CMakeFiles/minimal_cpp_subscriber.dir/src/cpp_minimal_subscriber.cpp.o\x1b[0m\n'}
[0.633490] (ros2_fundamentals_examples) StdoutLine: {'line': b'[ 50%] Built target ament_cmake_python_copy_ros2_fundamentals_examples\n'}
[0.701228] (-) TimerEvent: {}
[0.776643] (ros2_fundamentals_examples) StdoutLine: {'line': b'running egg_info\n'}
[0.784899] (ros2_fundamentals_examples) StdoutLine: {'line': b'writing ros2_fundamentals_examples.egg-info/PKG-INFO\n'}
[0.785128] (ros2_fundamentals_examples) StdoutLine: {'line': b'writing dependency_links to ros2_fundamentals_examples.egg-info/dependency_links.txt\n'}
[0.785284] (ros2_fundamentals_examples) StdoutLine: {'line': b'writing top-level names to ros2_fundamentals_examples.egg-info/top_level.txt\n'}
[0.801303] (-) TimerEvent: {}
[0.802222] (ros2_fundamentals_examples) StdoutLine: {'line': b"reading manifest file 'ros2_fundamentals_examples.egg-info/SOURCES.txt'\n"}
[0.802867] (ros2_fundamentals_examples) StdoutLine: {'line': b"writing manifest file 'ros2_fundamentals_examples.egg-info/SOURCES.txt'\n"}
[0.824294] (ros2_fundamentals_examples) StdoutLine: {'line': b'[ 50%] Built target ament_cmake_python_build_ros2_fundamentals_examples_egg\n'}
[0.901417] (-) TimerEvent: {}
[1.001837] (-) TimerEvent: {}
[1.102229] (-) TimerEvent: {}
[1.202506] (-) TimerEvent: {}
[1.302786] (-) TimerEvent: {}
[1.403107] (-) TimerEvent: {}
[1.503408] (-) TimerEvent: {}
[1.603709] (-) TimerEvent: {}
[1.704065] (-) TimerEvent: {}
[1.804385] (-) TimerEvent: {}
[1.904739] (-) TimerEvent: {}
[2.005084] (-) TimerEvent: {}
[2.105406] (-) TimerEvent: {}
[2.115928] (ros2_fundamentals_examples) StderrLine: {'line': b'\x1b[01m\x1b[K/home/alonso/Development/School/ros_dev/src/ros2_fundamentals_examples/src/cpp_minimal_publisher.cpp:36:2:\x1b[m\x1b[K \x1b[01;31m\x1b[Kerror: \x1b[m\x1b[K\xe2\x80\x98\x1b[01m\x1b[Kcpp\x1b[m\x1b[K\xe2\x80\x99 does not name a type\n'}
[2.116200] (ros2_fundamentals_examples) StderrLine: {'line': b'   36 | }\x1b[01;31m\x1b[Kcpp\x1b[m\x1b[K/rclcpp.hpp\n'}
[2.116305] (ros2_fundamentals_examples) StderrLine: {'line': b'      |  \x1b[01;31m\x1b[K^~~\x1b[m\x1b[K\n'}
[2.205539] (-) TimerEvent: {}
[2.305838] (-) TimerEvent: {}
[2.406161] (-) TimerEvent: {}
[2.506573] (-) TimerEvent: {}
[2.606934] (-) TimerEvent: {}
[2.707185] (-) TimerEvent: {}
[2.758703] (ros2_fundamentals_examples) StderrLine: {'line': b'gmake[2]: *** [CMakeFiles/minimal_cpp_publisher.dir/build.make:76: CMakeFiles/minimal_cpp_publisher.dir/src/cpp_minimal_publisher.cpp.o] Error 1\n'}
[2.758909] (ros2_fundamentals_examples) StderrLine: {'line': b'gmake[1]: *** [CMakeFiles/Makefile2:142: CMakeFiles/minimal_cpp_publisher.dir/all] Error 2\n'}
[2.758953] (ros2_fundamentals_examples) StderrLine: {'line': b'gmake[1]: *** Waiting for unfinished jobs....\n'}
[2.807291] (-) TimerEvent: {}
[2.907542] (-) TimerEvent: {}
[3.007828] (-) TimerEvent: {}
[3.108105] (-) TimerEvent: {}
[3.208363] (-) TimerEvent: {}
[3.308636] (-) TimerEvent: {}
[3.408896] (-) TimerEvent: {}
[3.509171] (-) TimerEvent: {}
[3.609441] (-) TimerEvent: {}
[3.709684] (-) TimerEvent: {}
[3.809949] (-) TimerEvent: {}
[3.910234] (-) TimerEvent: {}
[4.010471] (-) TimerEvent: {}
[4.110730] (-) TimerEvent: {}
[4.210991] (-) TimerEvent: {}
[4.311249] (-) TimerEvent: {}
[4.411477] (-) TimerEvent: {}
[4.511808] (-) TimerEvent: {}
[4.612062] (-) TimerEvent: {}
[4.712296] (-) TimerEvent: {}
[4.812526] (-) TimerEvent: {}
[4.912785] (-) TimerEvent: {}
[5.013045] (-) TimerEvent: {}
[5.113296] (-) TimerEvent: {}
[5.213583] (-) TimerEvent: {}
[5.313871] (-) TimerEvent: {}
[5.347051] (ros2_fundamentals_examples) StdoutLine: {'line': b'[ 75%] \x1b[32m\x1b[1mLinking CXX executable minimal_cpp_subscriber\x1b[0m\n'}
[5.414001] (-) TimerEvent: {}
[5.514237] (-) TimerEvent: {}
[5.531120] (ros2_fundamentals_examples) StdoutLine: {'line': b'[ 75%] Built target minimal_cpp_subscriber\n'}
[5.532196] (ros2_fundamentals_examples) StderrLine: {'line': b'gmake: *** [Makefile:146: all] Error 2\n'}
[5.533876] (ros2_fundamentals_examples) CommandEnded: {'returncode': 2}
[5.548177] (ros2_fundamentals_examples) JobEnded: {'identifier': 'ros2_fundamentals_examples', 'rc': 2}
[5.558670] (-) EventReactorShutdown: {}
